         w __deregister_frame_info
         w __register_frame_info
         w userAppExit
         w userAppInit
00000000 00000802 B __ctru_dev_utf16_buf
00000000 a shift
00000000 a shift
00000000 A __sync_synchronize
00000000 b _TLS_MODULE_BASE_
00000804 00000401 B __ctru_dev_path_buf
00100000 A __start__
00100000 T _start
00100008 T __service_ptr
0010000c T __apt_appid
00100010 T __heap_size
00100014 T __linear_heap_size
00100018 T __system_arglist
0010001c T __system_runflags
00100020 t startup
00100058 t ClearMem
0010006c t ClrLoop
00100094 T _init
001000ac T __aeabi_uidiv
001000ac 000001ec T __udivsi3
001000ac t .udivsi3_skip_div0_test
00100298 00000020 T __aeabi_uidivmod
001002b8 T __aeabi_idiv
001002b8 00000220 T __divsi3
001002c0 t .divsi3_skip_div0_test
001004d8 00000020 T __aeabi_idivmod
001004f8 00000004 W __aeabi_idiv0
001004f8 00000004 W __aeabi_ldiv0
00100508 00000390 T strcmp
00100890 t __do_global_dtors_aux
001008e0 t frame_dummy
0010090c 00000068 T dropPiece(int, int)
00100974 00000194 T checkWin(int)
00100b08 0000002c T isBoardFull()
00100b34 000000a8 T evaluate_window(int*, int)
00100bdc 000001c8 T score_position(int)
00100da4 00000298 T minimax(int, int, int, bool)
0010103c 000000fc T getBestAIMove()
00101138 00000094 T initGame()
001011cc 0000004c T resetGameBoard()
00101218 00000360 T updateGame(unsigned long, touchPosition)
00101578 000003b0 T drawGameTop(C3D_RenderTarget_tag*)
00101928 0000017c T drawGameBottom(C3D_RenderTarget_tag*)
00101aa4 0000031c T main
00101dc0 00000098 T initMenu()
00101e58 000001a4 T drawMenuTop(C3D_RenderTarget_tag*)
00101ffc 000002bc T drawMenuBottom(C3D_RenderTarget_tag*)
001022b8 000000c8 T updateMenu(unsigned long, touchPosition)
00102380 00000098 T initMultiplayer()
00102418 00000058 T resetMultiplayerBoard()
00102470 00000238 T updateMultiplayer(unsigned long, touchPosition)
001026a8 000003a8 T drawMultiplayerTop(C3D_RenderTarget_tag*)
00102a50 0000017c T drawMultiplayerBottom(C3D_RenderTarget_tag*)
00102bcc 00000044 t C2Di_FrameEndHook
00102c10 00000368 T C2D_Init
00102f78 0000004c T C2D_Fini
00102fc4 000000bc T C2D_Prepare
00103080 00000048 T C2D_Flush
001030c8 000000fc T C2D_SceneSize
001031c4 00000060 T C2D_CreateScreenTarget
00103224 00000060 T C2D_TargetClear
00103284 00000054 T C2Di_AppendQuad
001032d8 00000040 T C2Di_AppendVtx
00103318 00000738 T C2Di_Update
00103a50 0000016c T C2D_DrawTriangle
00103bbc 00000168 T C2D_DrawRectangle
00103d24 00000174 T C2D_DrawEllipse
00103e98 00000180 t C2Di_CalcLineWidths
00104018 000001d0 T C2D_TextBufNew
001041e8 000001c4 T C2D_TextFontParseLine
001043ac 000000a4 T C2D_TextFontParse
00104450 00000010 T C2D_TextParse
00104460 00000fdc T C2D_DrawText
0010543c 00000050 T C2D_FontGlyphIndexFromCodePoint
0010548c 00000074 T C2D_FontCalcGlyphPos
00105500 00000028 T AttrInfo_Init
00105528 00000094 T AttrInfo_AddLoader
001055bc 00000054 T C3D_SetAttrInfo
00105610 00000080 T C3Di_AttrInfoBind
00105690 00000004 W C3Di_LightEnvUpdate
00105694 00000004 W C3Di_LightEnvDirty
00105698 000000b4 t C3Di_AptEventHook
0010574c 00000004 W C3Di_GasUpdate
00105750 000001d0 T C3D_Init
00105920 00000098 T C3D_SetViewport
001059b8 000004e8 T C3Di_UpdateContext
00105ea0 000000e0 T C3Di_SplitFrame
00105f80 00000044 T C3D_Fini
00105fc4 00000194 T C3D_BindProgram
00106158 00000024 T BufInfo_Init
0010617c 00000080 T BufInfo_Add
001061fc 0000003c T C3D_SetBufInfo
00106238 00000048 T C3Di_BufInfoBind
00106280 0000021c T C3D_DrawElements
0010649c 00000040 T C3D_DepthMap
001064dc 0000001c T C3D_CullFace
001064f8 00000040 T C3D_StencilTest
00106538 00000024 T C3D_StencilOp
0010655c 0000001c T C3D_BlendingColor
00106578 00000024 T C3D_EarlyDepthTest
0010659c 0000002c T C3D_DepthTest
001065c8 0000002c T C3D_AlphaTest
001065f4 00000050 T C3D_AlphaBlend
00106644 00000030 T C3D_FragOpMode
00106674 00000044 T C3D_FragOpShadow
001066b8 000001ac T C3Di_EffectBind
00106864 0000001c T C3D_CalcColorBufSize
00106880 0000001c T C3D_CalcDepthBufSize
0010689c 00000044 T C3D_SetFrameBuf
001068e0 0000016c T C3Di_FrameBufBind
00106a4c 000000c8 T C3D_FrameBufClear
00106b14 00000044 T C3D_FrameBufTransfer
00106b58 000000a8 T C3D_ImmSendAttrib
00106c00 00000070 T C3D_ProcTexInit
00106c70 00000054 T C3D_ProcTexBind
00106cc4 0000005c T C3D_ProcTexLutBind
00106d20 000000a4 T ProcTexLut_FromArray
00106dc4 00000178 T C3Di_ProcTexUpdate
00106f3c 00000068 T C3Di_ProcTexDirty
00106fa4 0000004c t onVBlank0
00106ff0 0000004c t onVBlank1
0010703c 00000080 t C3Di_RenderTargetDestroy
001070bc 000000f4 t onQueueFinish
001071b0 00000038 T C3Di_RenderQueueEnableVBlank
001071e8 00000030 T C3Di_RenderQueueDisableVBlank
00107218 00000060 T C3Di_RenderQueueInit
00107278 000000b4 T C3Di_RenderQueueExit
0010732c 00000034 T C3Di_RenderQueueWaitDone
00107360 000000e8 T C3D_FrameBegin
00107448 00000048 T C3D_FrameDrawOn
00107490 00000058 T C3D_FrameSplit
001074e8 000001d0 T C3D_FrameEnd
001076b8 0000001c T C3D_FrameEndHook
001076d4 00000170 T C3D_RenderTargetCreate
00107844 000000a8 T C3D_RenderTargetSetOutput
001078ec 00000034 T C3D_GetTexEnv
00107920 00000024 T C3Di_TexEnvBind
00107944 00000044 T C3D_TexBind
00107988 0000014c T C3Di_SetTex
00107ad4 00000290 T C3D_UpdateUniforms
00107d64 000000c0 T C3Di_DirtyUniforms
00107e24 000000d8 T C3Di_LoadShaderUniforms
00107efc 00000028 T C3Di_ClearShaderUniforms
00107f24 000000cc T Mtx_Ortho
00107ff0 000000cc T Mtx_OrthoTilt
001080bc 00000024 t addrMapNodeComparator(rbtree_node const*, rbtree_node const*)
001080e0 00000004 t addrMapNodeDestructor(rbtree_node*)
001080e4 0000012c T linearMemAlign
00108210 00000008 T linearAlloc
00108218 0000005c T linearFree
00108274 00000088 T MemPool::CoalesceRight(MemBlock*)
001082fc 00000178 T MemPool::Allocate(MemChunk&, unsigned long, int)
00108474 00000118 T MemPool::Deallocate(MemChunk const&)
0010858c 00000030 T MemPool::GetFreeSpace()
001085bc 00000024 t addrMapNodeComparator(rbtree_node const*, rbtree_node const*)
001085e0 00000004 t addrMapNodeDestructor(rbtree_node*)
001085e4 00000248 T vramMemAlignAt
0010882c 0000000c T vramAlloc
00108838 0000000c T vramAllocAt
00108844 00000094 T vramFree
001088d8 0000009c T fontEnsureMapped
00108974 00000100 T fontGlyphIndexFromCodePoint
00108a74 00000214 T fontCalcGlyphPos
00108c88 000000cc t gfxPresentFramebuffer
00108d54 0000001c T gfxIsWide
00108d70 000000f8 T gfxSetScreenFormat
00108e68 000000d8 T gfxInit
00108f40 00000010 T gfxInitDefault
00108f50 000000b8 T gfxExit
00109008 000000a0 T gfxGetFramebuffer
001090a8 00000028 T gfxScreenSwapBuffers
001090d0 00000074 T osConvertVirtToPhys
00109144 00000034 T __ctru_speedup_config
00109178 0000013c T GPUCMD_Add
001092b4 000000b0 T GPUCMD_Split
00109364 00000034 T f32tof16
00109398 00000034 T f32tof24
001093cc 00000038 T f32tof31
00109404 00000010 T GX_BindQueue
00109414 0000007c T GX_ProcessCommandList
00109490 00000074 T GX_MemoryFill
00109504 00000074 T GX_DisplayTransfer
00109578 00000064 t gxCmdQueueDoCommands.part.0
001095dc 000000e4 T gxCmdQueueInterrupt
001096c0 00000068 T gxCmdQueueClear
00109728 00000108 T gxCmdQueueAdd
00109830 00000080 T gxCmdQueueRun
001098b0 00000064 T gxCmdQueueStop
00109914 000000ac T gxCmdQueueWait
001099c0 000001e0 T shaderInstanceInit
00109ba0 00000018 T shaderInstanceGetUniformLocation
00109bb8 0000001c T shaderProgramInit
00109bd4 00000074 T shaderProgramFree
00109c48 00000094 T shaderProgramSetVsh
00109cdc 000008d0 T shaderProgramConfigure
0010a5ac 000001dc t DVLE_GenerateOutmap.part.0
0010a788 000001ac T DVLB_ParseFile
0010a934 00000050 T DVLB_Free
0010a984 00000074 T DVLE_GetUniformRegister
0010a9f8 00000180 t aptConvertScreenForCapture
0010ab78 00000008 W aptDspSleep
0010ab80 00000004 W aptDspWakeup
0010ab84 00000004 W aptDspCancel
0010ab88 00000138 T aptSendCommand
0010acc0 00000044 t aptExitProcess
0010ad04 00000394 T aptExit
0010b098 000000d8 T aptHandleSleep
0010b170 00000034 T aptHook
0010b1a4 00000030 T aptUnhook
0010b1d4 00000084 T APT_SleepIfShellClosed
0010b258 00000078 T aptSetSleepAllowed
0010b2d0 00000084 T APT_UnlockTransition
0010b358 00000470 t aptEventHandler
0010b7c8 000000bc T APT_ReceiveParameter
0010b884 000000b0 t aptReceiveParameter.constprop.0
0010b938 00000294 t aptScreenTransfer
0010bbcc 000002d0 t aptWaitForWakeUp.isra.0
0010be9c 000000f4 T aptJumpToHomeMenu
0010bf90 00000058 T aptMainLoop
0010bfe8 00000240 T aptInit
0010c228 00000090 T APT_CheckNew3DS
0010c2b8 00000048 T APT_GetSharedFont
0010c300 00000104 T fsInit
0010c404 0000003c T fsExit
0010c440 00000068 T fsExemptFromSession
0010c4a8 00000050 T fsUnexemptFromSession
0010c4f8 000000cc T FSUSER_OpenFile
0010c5c4 000000b8 T FSUSER_DeleteFile
0010c67c 000000f4 T FSUSER_RenameFile
0010c770 000000b8 T FSUSER_DeleteDirectory
0010c828 000000d0 T FSUSER_CreateFile
0010c8f8 000000c0 T FSUSER_CreateDirectory
0010c9b8 000000f4 T FSUSER_RenameDirectory
0010caac 000000b4 T FSUSER_OpenDirectory
0010cb60 00000090 T FSUSER_OpenArchive
0010cbf0 0000008c T FSUSER_CloseArchive
0010cc7c 00000074 T FSUSER_GetSdmcArchiveResource
0010ccf0 00000064 T FSUSER_IsSdmcWritable
0010cd54 00000064 T FSFILE_Read
0010cdb8 0000006c T FSFILE_Write
0010ce24 00000044 T FSFILE_GetSize
0010ce68 00000028 T FSFILE_SetSize
0010ce90 0000003c T FSFILE_Close
0010cecc 00000024 T FSFILE_Flush
0010cef0 00000060 T FSDIR_Read
0010cf50 0000003c T FSDIR_Close
0010cf8c 00000c70 t gspHardwareInit
0010dbfc 00000288 T gspInit
0010de84 00000104 T gspExit
0010df88 00000010 T gspHasGpuRight
0010df98 000000a4 T gspPresentBuffer
0010e03c 00000030 T gspSetEventCallback
0010e06c 00000050 T gspWaitForEvent
0010e0bc 0000004c T gspWaitForAnyEvent
0010e108 00000154 t gspEventThreadMain
0010e25c 0000012c T gspSubmitGxCommand
0010e388 00000050 T GSPGPU_FlushDataCache
0010e3d8 00000034 T GSPGPU_SetLcdForceBlack
0010e40c 00000084 T GSPGPU_AcquireRight
0010e490 00000064 T GSPGPU_ReleaseRight
0010e4f4 0000007c T GSPGPU_ImportDisplayCaptureInfo
0010e570 0000002c T GSPGPU_SaveVramSysArea
0010e59c 0000002c T GSPGPU_RestoreVramSysArea
0010e5c8 00000024 W hidShouldUseIrrst
0010e5ec 000001cc T hidInit
0010e7b8 000000e8 T hidExit
0010e8a0 000002a0 T hidScanInput
0010eb40 00000010 T hidKeysDown
0010eb50 00000018 T hidTouchRead
0010eb68 000001a4 T irrstInit
0010ed0c 000000dc T irrstExit
0010ede8 000000b4 T irrstScanInput
0010ee9c 00000024 T irrstKeysHeld
0010eec0 00000078 T ptmSysmInit
0010ef38 0000003c T ptmSysmExit
0010ef74 00000034 T PTMSYSM_ConfigureNew3DSCPU
0010efa8 00000074 T rbtree_find
0010f01c 00000010 T rbtree_init
0010f02c 00000198 t do_insert
0010f1c4 00000008 T rbtree_insert
0010f1cc 00000310 T rbtree_remove
0010f4dc 00000090 T rbtree_rotate
0010f56c 00000140 T decode_utf8
0010f6ac 000000e8 T utf16_to_utf8
0010f794 000000c0 T utf8_to_utf16
0010f858 000001e8 W __system_allocateHeaps
0010fa40 00000038 W __libctru_init
0010fa78 0000016c W __system_initArgv
0010fbe4 00000030 T __syscall_getreent
0010fc14 00000004 T __syscall_lock_acquire_recursive
0010fc18 00000004 T __syscall_lock_release_recursive
0010fc1c 00000004 T __syscall_exit
0010fc20 00000054 T initThreadVars
0010fc74 00000080 T __system_initSyscalls
0010fcf4 T svcControlMemory
0010fd14 T svcQueryMemory
0010fd44 T svcExitProcess
0010fd4c T svcCreateThread
0010fd6c T svcExitThread
0010fd74 T svcSleepThread
0010fd7c T svcReleaseMutex
0010fd84 T svcCreateEvent
0010fd98 T svcSignalEvent
0010fda0 T svcClearEvent
0010fda8 T svcMapMemoryBlock
0010fdb0 T svcUnmapMemoryBlock
0010fdb8 T svcCreateAddressArbiter
0010fdcc T svcArbitrateAddressNoTimeout
0010fdd4 T svcCloseHandle
0010fddc T svcWaitSynchronization
0010fde4 T svcWaitSynchronizationN
0010fe0c T svcDuplicateHandle
0010fe20 T svcGetSystemTick
0010fe28 T svcConnectToPort
0010fe3c T svcSendSyncRequest
0010fe44 T svcGetResourceLimit
0010fe58 T svcGetResourceLimitLimitValues
0010fe60 T svcGetResourceLimitCurrentValues
0010fe68 T svcBreak
0010fe70 T __aeabi_read_tp
0010fe7c W initSystem
0010fecc W __ctru_exit
0010fee0 0000008c W envGetHandle
0010ff6c 00000050 W envDestroyHandles
0010ffbc 00000164 T srvInit
00110120 00000064 T srvExit
00110184 00000060 T srvEnableNotification
001101e4 000000a0 T srvGetServiceHandleDirect
00110284 00000048 T srvGetServiceHandle
001102cc 00000034 T srvSubscribe
00110300 00000060 T srvReceiveNotification
00110360 00000038 T srvPublishToSubscriber
00110398 0000000c T __sync_init
001103a4 00000018 T __sync_fini
001103bc 00000028 T syncArbitrateAddress
001103e4 000000ac T LightLock_Lock
00110490 00000040 T LightLock_Unlock
001104d0 00000054 T RecursiveLock_Lock
00110524 00000054 T RecursiveLock_Unlock
00110578 00000044 T LightEvent_Init
001105bc 000000b8 T LightEvent_Clear
00110674 000000dc T LightEvent_Signal
00110750 00000050 T LightEvent_TryWait
001107a0 000000ac T LightEvent_Wait
0011084c 000001fc T threadCreate
00110a48 00000038 T threadFree
00110a80 00000024 T threadJoin
00110aa4 00000030 T threadGetCurrent
00110ad4 00000040 T threadExit
00110b14 00000020 t _thread_begin
00110b34 00000090 t mappableFindAddressWithin
00110bc4 00000028 T mappableInit
00110bec 0000007c T mappableAlloc
00110c68 00000004 T mappableFree
00110c6c 0000000c T srvPmGetSessionHandle
00110c78 00000060 T rbtree_node_next
00110cd8 00000054 T decode_utf16
00110d2c 00000054 T encode_utf16
00110d80 000000e0 T encode_utf8
00110e60 00000030 W __appExit
00110e90 00000030 W __appInit
00110ec0 00000090 W __libctru_exit
00110f50 00000024 t error_cmp
00110f74 00000050 t archive_translate_error
00110fc4 000000c0 t archive_seek
00111084 00000078 t _archiveInit.part.0
001110fc 00000110 t archiveFindDevice.part.0
0011120c 00000298 t archive_utf16path
001114a4 00000098 t _archiveUnmountDeviceStruct.part.0
0011153c 00000178 t _archiveMountDevice
001116b4 000000f8 t archive_diropen
001117ac 000000ac t archive_fstat
00111858 00000074 t archive_fsync
001118cc 00000074 t archive_close
00111940 00000078 t archive_dirclose
001119b8 000000ec t sdmc_statvfs
00111aa4 000000f8 t archive_chdir
00111b9c 0000008c t archive_ftruncate
00111c28 000000bc t archive_read
00111ce4 000000a8 t archive_unlink
00111d8c 000000c0 t archive_rmdir
00111e4c 000000d8 t archive_mkdir
00111f24 000001a0 t archive_stat
001120c4 00000164 t archive_dirnext
00112228 0000013c t archive_write
00112368 00000254 t archive_open
001125bc 00000270 t archive_rename
0011282c 000001c8 T archiveMountSdmc
001129f4 00000054 T archiveUnmountAll
00112a48 000000c0 T ceilf
00112b08 000000e4 T strncat
00112bec 00000044 T rand
00112c30 00000128 T memcpy
00112d58 0000008c T strlen
00112de4 00000078 T bsearch
00112e5c 00000028 T memalign
00112e84 000001ec t _strtoul_l.isra.0
00113070 0000003c T strtoul
001130ac 00000140 T strchr
001131ec 00000028 T calloc
00113214 0000016c T _memalign_r
00113380 0000000c T __errno
0011338c 000000e4 T memset
00113470 000000d8 T _calloc_r
00113548 0000082c T _malloc_r
00113d74 00000114 T _malloc_trim_r
00113e88 00000314 T _free_r
0011419c 00000084 T __libc_init_array
00114220 000000d4 T strncpy
001142f4 00000040 T malloc
00114334 00000020 T free
00114354 0000000c T __malloc_lock
00114360 0000000c T __malloc_unlock
0011436c 00000004 W __call_exitprocs
00114370 00000030 T exit
001143a0 0000003c T __libc_fini_array
001143dc 0000003c T strnlen
00114418 000000d8 T strncmp
001144f0 00000020 T _exit
00114510 00000140 T chdir
00114650 000001c8 T _concatenate_path
00114818 0000002c T __getreent
00114844 00000008 t null_write
0011484c 00000018 T setDefaultDevice
00114864 00000098 T FindDevice
001148fc 00000024 T RemoveDevice
00114920 00000088 T AddDevice
001149a8 00000020 T GetDeviceOpTab
001149c8 00000078 W _sbrk_r
00114a40 0000001c T __libc_lock_acquire_recursive
00114a5c 0000001c T __libc_lock_release_recursive
00114a78 00000048 T strrchr
00114ac0 T _fini
00115268 R render2d_shbin
001153f4 00000004 r depthFmtSizes
001153f4 R render2d_shbin_end
001153f8 00000005 r colorFmtSizes
00115400 00000010 r CSWTCH.11
00115438 00000008 r morton_y.2
00115440 00000008 r morton_x.3
00115448 00000008 r s_sleepWakeEvents.4
00115450 0000000c r serviceNameTable.5
0011545c 00000030 r error_table
0011548c 00000080 r archive_devoptab
0011550c 00000101 R _ctype_
00115610 00000080 R dotab_stdnull
00115690 R __tdata_align
00115694 r __EH_FRAME_BEGIN__
00115694 R __exidx_end
00115694 R __exidx_start
00116000 00000004 D currentPlayer
00116004 00000004 D selectedCol
00116008 00000008 d framerateCounter
00116010 00000004 d framerate
00116014 00000004 d queueLock
00116018 00000004 d aptChainloadDeliverArgSize
0011601c 00000004 d kCount
00116020 00000004 d kInterval
00116024 00000004 d kDelay
00116028 W __stacksize__
0011602c 00000004 D _impure_ptr
00116030 00000200 D _impure_data
00116230 00000004 D __malloc_sbrk_base
00116234 00000004 D __malloc_trim_threshold
00116238 00000408 D __malloc_av_
00116640 00000400 d _current_working_directory
00116a40 0000008c D devoptab_list
00116acc 00000004 d defaultDevice
00116ad8 d _GLOBAL_OFFSET_TABLE_
00116ae4 d __frame_dummy_init_array_entry
00116ae4 D __init_array_start
00116ae4 B __preinit_array_end
00116ae4 B __preinit_array_start
00116ae4 D __tdata_lma
00116ae4 D __tdata_lma_end
00116ae8 d __do_global_dtors_aux_fini_array_entry
00116ae8 D __fini_array_start
00116ae8 D __init_array_end
00116aec 000000a8 B board
00116aec D __bss_start__
00116aec D __fini_array_end
00116b94 00000004 B gameTextBuf
00116b98 0000001c B textHumanTurn
00116bb4 0000001c B textAITurn
00116bd0 0000001c B textWinRed
00116bec 0000001c B textWinYellow
00116c08 0000001c B textDraw
00116c24 0000001c B textgControls
00116c40 00000001 B gameState
00116c41 00000001 B isAIThinking
00116c44 00000004 b updateGame(unsigned long, touchPosition)::thinkFrame
00116c48 00000004 B menuTextBuf
00116c4c 0000001c B textTitle
00116c68 0000001c B textPlay
00116c84 0000001c B textMulti
00116ca0 0000001c B textExit
00116cbc 0000001c B textControls
00116cd8 0000001c B textAuther
00116cf4 00000004 B menuSelection
00116cf8 00000001 B wasTouching
00116cfc 00000004 B mgameTextBuf
00116d00 0000001c B mtextRedTurn
00116d1c 0000001c B mtextYellowTurn
00116d38 0000001c B mtextWinRed
00116d54 0000001c B mtextWinYellow
00116d70 0000001c B mtextDraw
00116d8c 0000001c B mtextControls
00116da8 00000001 B wasTouchingMulti
00116db0 000005a8 B __C2Di_Context
00117358 00000040 b s_projTop
00117398 00000040 b s_projBot
001173d8 00000004 b uLoc_mdlvMtx
001173dc 00000004 b uLoc_projMtx
001173e0 00000004 b s_glyphSheets
001173e4 00000004 b s_textScale
001173e8 b completed.1
001173ec b object.0
00117404 0000000c b hookCookie
00117410 000002d0 B __C3D_Context
001176e0 00000004 b frameEndCbData
001176e4 00000004 b frameEndCb
001176e8 00000008 b frameCounter
001176f0 00000001 b isTopStereo
001176f1 00000001 b needSwapBot
001176f2 00000001 b needSwapTop
001176f3 00000001 b measureGpuTime
001176f4 00000001 b inSafeTransfer
001176f5 00000001 b inFrame
001176f8 00000010 b cpuTime
00117708 00000010 b gpuTime
00117718 0000000c b linkedTarget
00117724 00000004 b lastTarget
00117728 00000004 b firstTarget
0011772c 00000008 b C3Di_IVUnifEverDirty
00117734 000000c0 b C3Di_FVUnifEverDirty
001177f4 00000018 b C3Di_ShaderFVecData
0011780c 00000002 B C3D_BoolUnifsDirty
00117810 00000008 B C3D_IVUnifDirty
00117818 000000c0 B C3D_FVUnifDirty
001178d8 00000004 B C3D_BoolUnifs
001178dc 00000020 B C3D_IVUnif
001178fc 00000c00 B C3D_FVUnif
00118500 00000008 b sLinearPool
00118508 0000000c b sAddrMap
00118518 00000008 b sVramPoolB
00118520 00000008 b sVramPoolA
00118528 0000000c b sAddrMap
00118534 00000004 b sharedFontAddr
00118538 00000004 B g_sharedFont
0011853c 00000004 b screenAlloc
00118540 00000004 b screenFree
00118544 00000002 b gfxIsDoubleBuf
00118548 00000002 b gfxCurBuf
0011854a 00000001 b gfxIsVram
0011854b 00000001 b gfxTopMode
0011854c 00000002 b gfxFramebufferFormats
00118550 00000004 b gfxBottomFramebufferMaxSize
00118554 00000004 b gfxTopFramebufferMaxSize
00118558 00000008 b gfxBottomFramebuffers
00118560 00000008 b gfxTopFramebuffers
00118568 00000001 V __ctru_speedup
0011856c 00000004 B gpuCmdBufOffset
00118570 00000004 B gpuCmdBufSize
00118574 00000004 B gpuCmdBuf
00118578 00000004 b boundQueue
0011857c 00000001 b shouldStop
0011857d 00000001 b isRunning
0011857e 00000001 b isActive
00118580 00000004 b curQueue
00118584 00000001 b flagValue.0
00118585 00000001 b flagInit.1
00118588 00000004 b serviceName.6
0011858c 00000001 b aptChainloadFlags
0011858d 00000001 b aptChainloadMediatype
00118590 00000020 b aptChainloadHmac
001185b0 00000300 b aptChainloadDeliverArg
001188b0 00000008 b aptChainloadTid
001188b8 00001000 b aptParameters
001198b8 00000004 b aptFlags
001198bc 00000001 b aptHomeButtonState
001198c0 00000004 b aptMessageFuncData
001198c4 00000004 b aptMessageFunc
001198c8 0000000c b aptFirstHook
001198d4 00000001 b aptEventHandlerThreadQuit
001198d8 00000004 b aptEventHandlerThread
001198dc 00000008 b aptSleepEvent
001198e4 00000008 b aptReceiveEvent
001198ec 00000008 b aptEvents
001198f4 00000004 b aptLockHandle
001198f8 00000004 b aptRefCount
00119900 00000080 b fsExemptArchives
00119980 00000004 b fsuRefCount
00119984 00000004 b fsuHandle
00119988 00000007 b gspEventCbOneShot
00119990 0000001c b gspEventCbData
001199ac 0000001c b gspEventCb
001199c8 00000038 b gspEvents
00119a00 00000004 b gspLastEvent
00119a04 00000001 b gspRunEvents
00119a08 00000004 b gspEventThread
00119a0c 00000004 b gspEvent
00119a10 00000001 b gspGpuRight
00119a11 00000001 b gspThreadId
00119a14 00000004 b gspSharedMem
00119a18 00000004 b gspSharedMemHandle
00119a1c 00000004 b gspRefCount
00119a20 00000004 b gspGpuHandle
00119a24 00000001 b usingIrrst
00119a28 00000004 b hidRefCount
00119a2c 00000006 b gRate
00119a34 00000006 b aVec
00119a3c 00000004 b cPos
00119a40 00000004 b tPos
00119a44 00000004 b kRepeat
00119a48 00000004 b kUp
00119a4c 00000004 b kDown
00119a50 00000004 b kHeld
00119a54 00000004 b kOld
00119a58 00000004 B hidSharedMem
00119a5c 00000014 B hidEvents
00119a70 00000004 B hidMemHandle
00119a74 00000004 B hidHandle
00119a78 00000004 b irrstRefCount
00119a7c 00000004 b csPos
00119a80 00000004 b kHeld
00119a84 00000004 B irrstSharedMem
00119a88 00000004 B irrstEvent
00119a8c 00000004 B irrstMemHandle
00119a90 00000004 B irrstHandle
00119a94 00000004 b ptmSysmRefCount
00119a98 00000004 b ptmSysmHandle
00119a9c 00000004 V __ctru_linear_heap_size
00119aa0 00000004 V __ctru_heap_size
00119aa4 00000004 B __ctru_linear_heap
00119aa8 00000004 B __ctru_heap
00119aac 00000004 B __system_retAddr
00119ab0 00000004 B __system_argv
00119ab4 00000004 B __system_argc
00119ab8 b saved_stack
00119ac0 00000004 B __3dslink_host
00119ac4 00000004 b srvRefCount
00119ac8 00000004 b srvHandle
00119acc 00000004 b arbiter
00119ad0 00000004 b currentAddr
00119ad4 00000004 b maxAddr
00119ad8 00000004 b minAddr
00119adc 00000004 b srvPmHandle
00119ae0 000005c0 b archive_devices
0011a0a0 00000004 b archive_device_cwd
0011a0a4 00000001 b archive_initialized
0011a0a8 00000028 B __malloc_current_mallinfo
0011a0d0 00000004 B __malloc_max_total_mem
0011a0d4 00000004 B __malloc_max_sbrked_mem
0011a0d8 00000004 B __malloc_top_pad
0011a0e0 00000168 B __sf
0011a248 00000004 B __stdio_exit_handler
0011a24c 0000000c b __malloc_recursive_mutex
0011a258 00000400 b temp_cwd
0011a658 00000004 B fake_heap_start
0011a65c 00000004 B fake_heap_end
0011a660 00000004 b heap_start.0
0011a664 B __tls_start
0011b26c B __bss_end__
0011b26c A __end__
0011b26c B __tls_end
